<!DOCTYPE html PUBLIC "-//W3C//DTD XHTML 1.1//EN" "https://www.w3.org/TR/xhtml11/DTD/xhtml11.dtd">
<html xmlns="https://www.w3.org/1999/xhtml">
<head>
<meta charset='utf-8'>
<title>TestNG Report</title>
<style type="text/css">
table {margin-bottom:10px;border-collapse:collapse;empty-cells:show}
td,th {border:1px solid #009;padding:.25em .5em}
.result th {vertical-align:bottom}
.param th {padding-left:1em;padding-right:1em}
.param td {padding-left:.5em;padding-right:2em}
.stripe td,.stripe th {background-color: #E6EBF9}
.numi,.numi_attn {text-align:right}
.total td {font-weight:bold}
.passedodd td {background-color: #0A0}
.passedeven td {background-color: #3F3}
.skippedodd td {background-color: #CCC}
.skippedodd td {background-color: #DDD}
.failedodd td,.numi_attn {background-color: #F33}
.failedeven td,.stripe .numi_attn {background-color: #D00}
.stacktrace {white-space:pre;font-family:monospace}
.totop {font-size:85%;text-align:center;border-bottom:2px solid #000}
</style>
</head>
<body>
<table cellspacing="0" cellpadding="0" class="testOverview">
<tr><th>Test</th><th>Methods<br/>Passed</th><th>Scenarios<br/>Passed</th><th># skipped</th><th># failed</th><th>Total<br/>Time</th><th>Included<br/>Groups</th><th>Excluded<br/>Groups</th></tr>
<tr><td style="text-align:left;padding-right:2em"><a href="#t1">/Users/brianzapataresendiz/Documents/IdeaProjects/Maven_Example/src/test/java</a></td><td class="numi">17</td><td class="numi">17</td><td class="numi">0</td><td class="numi_attn">5</td><td class="numi">176.8 seconds</td><td class="numi"></td><td class="numi"></td></tr>
</table>
<table cellspacing="0" cellpadding="0" class="methodOverview" id="summary">
<tr><th>Class</th><th>Method</th><th># of<br/>Scenarios</th><th>Start</th><th>Time<br/>(ms)</th></tr>
<tr id="t1"><th colspan="5">/Users/brianzapataresendiz/Documents/IdeaProjects/Maven_Example/src/test/java &#8212; failed</th></tr>
<tr class="failedodd"><td>Page_Creation</td><td><a href="#m1"><b>ViewPage</b>  </a></td><td class="numi">1</td><td>1713224123141</td><td class="numi">808</td></tr>
<tr class="failedeven"><td rowspan="2">Register</td><td><a href="#m2"><b>testInvalidRegistration</b>  </a></td><td class="numi">1</td><td>1713223975219</td><td class="numi">327</td></tr><tr class="failedeven"><td><a href="#m3"><b>testNavigateToCreateAccountPage</b>  </a></td><td class="numi">1</td><td>1713223972302</td><td class="numi">453</td></tr>
<tr class="failedodd"><td>HomePageTesting</td><td><a href="#m4"><b>getHomeLinks</b>  </a></td><td class="numi">1</td><td>1713224142880</td><td class="numi">1989</td></tr>
<tr class="failedeven"><td>Register</td><td><a href="#m5"><b>testValidRegistration</b>  </a></td><td class="numi">1</td><td>1713223973766</td><td class="numi">444</td></tr>
<tr><th colspan="5">/Users/brianzapataresendiz/Documents/IdeaProjects/Maven_Example/src/test/java &#8212; passed</th></tr>
<tr class="passedodd"><td>Watchlist</td><td><a href="#m6"><b>testArticleAddedToWatchlist</b>  </a></td><td class="numi">1</td><td>1713224062584</td><td class="numi">17111</td></tr>
<tr class="passedeven"><td>HomePageTesting</td><td><a href="#m7"><b>getFeaturedArticle</b>  </a></td><td class="numi">1</td><td>1713223993880</td><td class="numi">2380</td></tr>
<tr class="passedodd"><td>Page_Creation</td><td><a href="#m8"><b>pageTools</b>  </a></td><td class="numi">1</td><td>1713224123952</td><td class="numi">18918</td></tr>
<tr class="passedeven"><td>PageEditing</td><td><a href="#m9"><b>viewChanges</b>  </a></td><td class="numi">1</td><td>1713224100971</td><td class="numi">9606</td></tr>
<tr class="passedodd"><td>Page_Creation</td><td><a href="#m10"><b>MakePage</b>  </a></td><td class="numi">1</td><td>1713224110583</td><td class="numi">12557</td></tr>
<tr class="passedeven"><td>SearchTesting</td><td><a href="#m11"><b>checkSearchTab</b>  </a></td><td class="numi">1</td><td>1713224044381</td><td class="numi">3566</td></tr>
<tr class="passedodd"><td>Login</td><td><a href="#m12"><b>testSuccessfulLogin</b>  </a></td><td class="numi">1</td><td>1713223975549</td><td class="numi">14251</td></tr>
<tr class="passedeven"><td rowspan="2">HomePageTesting</td><td><a href="#m13"><b>getDidYouKnowArticles</b>  </a></td><td class="numi">1</td><td>1713224005561</td><td class="numi">14532</td></tr><tr class="passedeven"><td><a href="#m14"><b>getFeaturedList</b>  </a></td><td class="numi">1</td><td>1713224034837</td><td class="numi">4762</td></tr>
<tr class="passedodd"><td>LanguageChange</td><td><a href="#m15"><b>testLanguageSwitching</b>  </a></td><td class="numi">1</td><td>1713223989825</td><td class="numi">3494</td></tr>
<tr class="passedeven"><td rowspan="2">HomePageTesting</td><td><a href="#m16"><b>getImageOfTheDay</b>  </a></td><td class="numi">1</td><td>1713224039600</td><td class="numi">4774</td></tr><tr class="passedeven"><td><a href="#m17"><b>getInTheNewsArticles</b>  </a></td><td class="numi">1</td><td>1713223996264</td><td class="numi">9293</td></tr>
<tr class="passedodd"><td>Watchlist</td><td><a href="#m18"><b>logout</b>  </a></td><td class="numi">1</td><td>1713224144870</td><td class="numi">2437</td></tr>
<tr class="passedeven"><td>HomePageTesting</td><td><a href="#m19"><b>getOnThisDayArticles</b>  </a></td><td class="numi">1</td><td>1713224020097</td><td class="numi">14735</td></tr>
<tr class="passedodd"><td>SearchTesting</td><td><a href="#m20"><b>getNoResult</b>  </a></td><td class="numi">1</td><td>1713224047949</td><td class="numi">4660</td></tr>
<tr class="passedeven"><td>PageEditing</td><td><a href="#m21"><b>editTools</b>  </a></td><td class="numi">1</td><td>1713224079703</td><td class="numi">21264</td></tr>
<tr class="passedodd"><td>SearchTesting</td><td><a href="#m22"><b>advancedSearch</b>  </a></td><td class="numi">1</td><td>1713224052612</td><td class="numi">9969</td></tr>
</table>
<h1>/Users/brianzapataresendiz/Documents/IdeaProjects/Maven_Example/src/test/java</h1>
<h2 id="m1">Page_Creation:ViewPage</h2>
<div>
<div class="stacktrace">org.openqa.selenium.ElementClickInterceptedException: Element &lt;a href=&quot;/wiki/Special:Contributions/Testexample123&quot;&gt; is not clickable at point (1954,209) because another element &lt;span&gt; obscures it
Build info: version: &apos;4.19.1&apos;, revision: &apos;abe0ee07dc&apos;
System info: os.name: &apos;Mac OS X&apos;, os.arch: &apos;aarch64&apos;, os.version: &apos;14.4.1&apos;, java.version: &apos;22&apos;
Driver info: org.openqa.selenium.firefox.FirefoxDriver
Command: [7c886ee5-efc0-4284-9b3e-d0019d31ffc1, clickElement {id=b0346842-bf48-42b0-bf9c-166df5abe824}]
Capabilities {acceptInsecureCerts: true, browserName: firefox, browserVersion: 124.0.2, moz:accessibilityChecks: false, moz:buildID: 20240401114208, moz:debuggerAddress: 127.0.0.1:9114, moz:geckodriverVersion: 0.34.0, moz:headless: false, moz:platformVersion: 23.4.0, moz:processID: 94547, moz:profile: /var/folders/55/z9qvs1fj1tj..., moz:shutdownTimeout: 60000, moz:webdriverClick: true, moz:windowless: false, pageLoadStrategy: normal, platformName: mac, proxy: Proxy(), se:cdp: ws://127.0.0.1:9114/devtool..., se:cdpVersion: 85.0, setWindowRect: true, strictFileInteractability: false, timeouts: {implicit: 0, pageLoad: 300000, script: 30000}, unhandledPromptBehavior: dismiss and notify}
Element: [[FirefoxDriver: firefox on mac (7c886ee5-efc0-4284-9b3e-d0019d31ffc1)] -&gt; partial link text: Contributions]
Session ID: 7c886ee5-efc0-4284-9b3e-d0019d31ffc1
	at java.base/jdk.internal.reflect.DirectConstructorHandleAccessor.newInstance(DirectConstructorHandleAccessor.java:62)
	at java.base/java.lang.reflect.Constructor.newInstanceWithCaller(Constructor.java:502)
	at java.base/java.lang.reflect.Constructor.newInstance(Constructor.java:486)
	at org.openqa.selenium.remote.ErrorCodec.decode(ErrorCodec.java:167)
	at org.openqa.selenium.remote.codec.w3c.W3CHttpResponseCodec.decode(W3CHttpResponseCodec.java:138)
	at org.openqa.selenium.remote.codec.w3c.W3CHttpResponseCodec.decode(W3CHttpResponseCodec.java:50)
	at org.openqa.selenium.remote.HttpCommandExecutor.execute(HttpCommandExecutor.java:190)
	at org.openqa.selenium.remote.service.DriverCommandExecutor.invokeExecute(DriverCommandExecutor.java:216)
	at org.openqa.selenium.remote.service.DriverCommandExecutor.execute(DriverCommandExecutor.java:174)
	at org.openqa.selenium.remote.RemoteWebDriver.execute(RemoteWebDriver.java:518)
	at org.openqa.selenium.remote.RemoteWebElement.execute(RemoteWebElement.java:223)
	at org.openqa.selenium.remote.RemoteWebElement.click(RemoteWebElement.java:76)
	at Page_Creation.ViewPage(Page_Creation.java:74)
	at java.base/jdk.internal.reflect.DirectMethodHandleAccessor.invoke(DirectMethodHandleAccessor.java:103)
	at java.base/java.lang.reflect.Method.invoke(Method.java:580)
	at org.testng.internal.invokers.MethodInvocationHelper.invokeMethod(MethodInvocationHelper.java:139)
	at org.testng.internal.invokers.TestInvoker.invokeMethod(TestInvoker.java:664)
	at org.testng.internal.invokers.TestInvoker.invokeTestMethod(TestInvoker.java:228)
	at org.testng.internal.invokers.MethodRunner.runInSequence(MethodRunner.java:63)
	at org.testng.internal.invokers.TestInvoker$MethodInvocationAgent.invoke(TestInvoker.java:961)
	at org.testng.internal.invokers.TestInvoker.invokeTestMethods(TestInvoker.java:201)
	at org.testng.internal.invokers.TestMethodWorker.invokeTestMethods(TestMethodWorker.java:148)
	at org.testng.internal.invokers.TestMethodWorker.run(TestMethodWorker.java:128)
	at java.base/java.util.ArrayList.forEach(ArrayList.java:1597)
	at org.testng.TestRunner.privateRun(TestRunner.java:819)
	at org.testng.TestRunner.run(TestRunner.java:619)
	at org.testng.SuiteRunner.runTest(SuiteRunner.java:443)
	at org.testng.SuiteRunner$SuiteWorker.run(SuiteRunner.java:481)
	at org.testng.internal.thread.ThreadUtil.lambda$execute$0(ThreadUtil.java:58)
	at java.base/java.util.concurrent.FutureTask.run(FutureTask.java:317)
	at java.base/java.util.concurrent.ThreadPoolExecutor.runWorker(ThreadPoolExecutor.java:1144)
	at java.base/java.util.concurrent.ThreadPoolExecutor$Worker.run(ThreadPoolExecutor.java:642)
	at java.base/java.lang.Thread.run(Thread.java:1570)
</div>
</div>
<p class="totop"><a href="#summary">back to summary</a></p>
<h2 id="m2">HomePageTesting:getHomeLinks</h2>
<div>
<div class="stacktrace">org.openqa.selenium.StaleElementReferenceException: The element with the reference de34659f-be25-42be-b6d1-4dee958c81e1 is stale; either its node document is not the active document, or it is no longer connected to the DOM
For documentation on this error, please visit: https://www.selenium.dev/documentation/webdriver/troubleshooting/errors#stale-element-reference-exception
Build info: version: &apos;4.19.1&apos;, revision: &apos;abe0ee07dc&apos;
System info: os.name: &apos;Mac OS X&apos;, os.arch: &apos;aarch64&apos;, os.version: &apos;14.4.1&apos;, java.version: &apos;22&apos;
Driver info: org.openqa.selenium.firefox.FirefoxDriver
Command: [7c886ee5-efc0-4284-9b3e-d0019d31ffc1, getElementAttribute {id=de34659f-be25-42be-b6d1-4dee958c81e1, name=href}]
Capabilities {acceptInsecureCerts: true, browserName: firefox, browserVersion: 124.0.2, moz:accessibilityChecks: false, moz:buildID: 20240401114208, moz:debuggerAddress: 127.0.0.1:9114, moz:geckodriverVersion: 0.34.0, moz:headless: false, moz:platformVersion: 23.4.0, moz:processID: 94547, moz:profile: /var/folders/55/z9qvs1fj1tj..., moz:shutdownTimeout: 60000, moz:webdriverClick: true, moz:windowless: false, pageLoadStrategy: normal, platformName: mac, proxy: Proxy(), se:cdp: ws://127.0.0.1:9114/devtool..., se:cdpVersion: 85.0, setWindowRect: true, strictFileInteractability: false, timeouts: {implicit: 0, pageLoad: 300000, script: 30000}, unhandledPromptBehavior: dismiss and notify}
Element: [[FirefoxDriver: firefox on mac (7c886ee5-efc0-4284-9b3e-d0019d31ffc1)] -&gt; tag name: a]
Session ID: 7c886ee5-efc0-4284-9b3e-d0019d31ffc1
	at java.base/jdk.internal.reflect.DirectConstructorHandleAccessor.newInstance(DirectConstructorHandleAccessor.java:62)
	at java.base/java.lang.reflect.Constructor.newInstanceWithCaller(Constructor.java:502)
	at java.base/java.lang.reflect.Constructor.newInstance(Constructor.java:486)
	at org.openqa.selenium.remote.ErrorCodec.decode(ErrorCodec.java:167)
	at org.openqa.selenium.remote.codec.w3c.W3CHttpResponseCodec.decode(W3CHttpResponseCodec.java:138)
	at org.openqa.selenium.remote.codec.w3c.W3CHttpResponseCodec.decode(W3CHttpResponseCodec.java:50)
	at org.openqa.selenium.remote.HttpCommandExecutor.execute(HttpCommandExecutor.java:190)
	at org.openqa.selenium.remote.service.DriverCommandExecutor.invokeExecute(DriverCommandExecutor.java:216)
	at org.openqa.selenium.remote.service.DriverCommandExecutor.execute(DriverCommandExecutor.java:174)
	at org.openqa.selenium.remote.RemoteWebDriver.execute(RemoteWebDriver.java:518)
	at org.openqa.selenium.remote.RemoteWebElement.execute(RemoteWebElement.java:223)
	at org.openqa.selenium.remote.RemoteWebElement.getAttribute(RemoteWebElement.java:149)
	at HomePageTesting.getHomeLinks(HomePageTesting.java:69)
	at java.base/jdk.internal.reflect.DirectMethodHandleAccessor.invoke(DirectMethodHandleAccessor.java:103)
	at java.base/java.lang.reflect.Method.invoke(Method.java:580)
	at org.testng.internal.invokers.MethodInvocationHelper.invokeMethod(MethodInvocationHelper.java:139)
	at org.testng.internal.invokers.TestInvoker.invokeMethod(TestInvoker.java:664)
	at org.testng.internal.invokers.TestInvoker.invokeTestMethod(TestInvoker.java:228)
	at org.testng.internal.invokers.MethodRunner.runInSequence(MethodRunner.java:63)
	at org.testng.internal.invokers.TestInvoker$MethodInvocationAgent.invoke(TestInvoker.java:961)
	at org.testng.internal.invokers.TestInvoker.invokeTestMethods(TestInvoker.java:201)
	at org.testng.internal.invokers.TestMethodWorker.invokeTestMethods(TestMethodWorker.java:148)
	at org.testng.internal.invokers.TestMethodWorker.run(TestMethodWorker.java:128)
	at java.base/java.util.ArrayList.forEach(ArrayList.java:1597)
	at org.testng.TestRunner.privateRun(TestRunner.java:819)
	at org.testng.TestRunner.run(TestRunner.java:619)
	at org.testng.SuiteRunner.runTest(SuiteRunner.java:443)
	at org.testng.SuiteRunner$SuiteWorker.run(SuiteRunner.java:481)
	at org.testng.internal.thread.ThreadUtil.lambda$execute$0(ThreadUtil.java:58)
	at java.base/java.util.concurrent.FutureTask.run(FutureTask.java:317)
	at java.base/java.util.concurrent.ThreadPoolExecutor.runWorker(ThreadPoolExecutor.java:1144)
	at java.base/java.util.concurrent.ThreadPoolExecutor$Worker.run(ThreadPoolExecutor.java:642)
	at java.base/java.lang.Thread.run(Thread.java:1570)
</div>
</div>
<p class="totop"><a href="#summary">back to summary</a></p>
<h2 id="m3">Register:testInvalidRegistration</h2>
<div>
<div class="stacktrace">java.lang.AssertionError: expected [true] but found [false]
	at org.testng.Assert.fail(Assert.java:111)
	at org.testng.Assert.failNotEquals(Assert.java:1578)
	at org.testng.Assert.assertTrue(Assert.java:57)
	at org.testng.Assert.assertTrue(Assert.java:67)
	at Register.testInvalidRegistration(Register.java:65)
	at java.base/jdk.internal.reflect.DirectMethodHandleAccessor.invoke(DirectMethodHandleAccessor.java:103)
	at java.base/java.lang.reflect.Method.invoke(Method.java:580)
	at org.testng.internal.invokers.MethodInvocationHelper.invokeMethod(MethodInvocationHelper.java:139)
	at org.testng.internal.invokers.TestInvoker.invokeMethod(TestInvoker.java:664)
	at org.testng.internal.invokers.TestInvoker.invokeTestMethod(TestInvoker.java:228)
	at org.testng.internal.invokers.MethodRunner.runInSequence(MethodRunner.java:63)
	at org.testng.internal.invokers.TestInvoker$MethodInvocationAgent.invoke(TestInvoker.java:961)
	at org.testng.internal.invokers.TestInvoker.invokeTestMethods(TestInvoker.java:201)
	at org.testng.internal.invokers.TestMethodWorker.invokeTestMethods(TestMethodWorker.java:148)
	at org.testng.internal.invokers.TestMethodWorker.run(TestMethodWorker.java:128)
	at java.base/java.util.ArrayList.forEach(ArrayList.java:1597)
	at org.testng.TestRunner.privateRun(TestRunner.java:819)
	at org.testng.TestRunner.run(TestRunner.java:619)
	at org.testng.SuiteRunner.runTest(SuiteRunner.java:443)
	at org.testng.SuiteRunner$SuiteWorker.run(SuiteRunner.java:481)
	at org.testng.internal.thread.ThreadUtil.lambda$execute$0(ThreadUtil.java:58)
	at java.base/java.util.concurrent.FutureTask.run(FutureTask.java:317)
	at java.base/java.util.concurrent.ThreadPoolExecutor.runWorker(ThreadPoolExecutor.java:1144)
	at java.base/java.util.concurrent.ThreadPoolExecutor$Worker.run(ThreadPoolExecutor.java:642)
	at java.base/java.lang.Thread.run(Thread.java:1570)
</div>
</div>
<p class="totop"><a href="#summary">back to summary</a></p>
<h2 id="m4">Register:testNavigateToCreateAccountPage</h2>
<div>
<div class="stacktrace">java.lang.AssertionError: expected [true] but found [false]
	at org.testng.Assert.fail(Assert.java:111)
	at org.testng.Assert.failNotEquals(Assert.java:1578)
	at org.testng.Assert.assertTrue(Assert.java:57)
	at org.testng.Assert.assertTrue(Assert.java:67)
	at Register.testNavigateToCreateAccountPage(Register.java:35)
	at java.base/jdk.internal.reflect.DirectMethodHandleAccessor.invoke(DirectMethodHandleAccessor.java:103)
	at java.base/java.lang.reflect.Method.invoke(Method.java:580)
	at org.testng.internal.invokers.MethodInvocationHelper.invokeMethod(MethodInvocationHelper.java:139)
	at org.testng.internal.invokers.TestInvoker.invokeMethod(TestInvoker.java:664)
	at org.testng.internal.invokers.TestInvoker.invokeTestMethod(TestInvoker.java:228)
	at org.testng.internal.invokers.MethodRunner.runInSequence(MethodRunner.java:63)
	at org.testng.internal.invokers.TestInvoker$MethodInvocationAgent.invoke(TestInvoker.java:961)
	at org.testng.internal.invokers.TestInvoker.invokeTestMethods(TestInvoker.java:201)
	at org.testng.internal.invokers.TestMethodWorker.invokeTestMethods(TestMethodWorker.java:148)
	at org.testng.internal.invokers.TestMethodWorker.run(TestMethodWorker.java:128)
	at java.base/java.util.ArrayList.forEach(ArrayList.java:1597)
	at org.testng.TestRunner.privateRun(TestRunner.java:819)
	at org.testng.TestRunner.run(TestRunner.java:619)
	at org.testng.SuiteRunner.runTest(SuiteRunner.java:443)
	at org.testng.SuiteRunner$SuiteWorker.run(SuiteRunner.java:481)
	at org.testng.internal.thread.ThreadUtil.lambda$execute$0(ThreadUtil.java:58)
	at java.base/java.util.concurrent.FutureTask.run(FutureTask.java:317)
	at java.base/java.util.concurrent.ThreadPoolExecutor.runWorker(ThreadPoolExecutor.java:1144)
	at java.base/java.util.concurrent.ThreadPoolExecutor$Worker.run(ThreadPoolExecutor.java:642)
	at java.base/java.lang.Thread.run(Thread.java:1570)
</div>
</div>
<p class="totop"><a href="#summary">back to summary</a></p>
<h2 id="m5">Register:testValidRegistration</h2>
<div>
<div class="stacktrace">java.lang.AssertionError: expected [true] but found [false]
	at org.testng.Assert.fail(Assert.java:111)
	at org.testng.Assert.failNotEquals(Assert.java:1578)
	at org.testng.Assert.assertTrue(Assert.java:57)
	at org.testng.Assert.assertTrue(Assert.java:67)
	at Register.testValidRegistration(Register.java:50)
	at java.base/jdk.internal.reflect.DirectMethodHandleAccessor.invoke(DirectMethodHandleAccessor.java:103)
	at java.base/java.lang.reflect.Method.invoke(Method.java:580)
	at org.testng.internal.invokers.MethodInvocationHelper.invokeMethod(MethodInvocationHelper.java:139)
	at org.testng.internal.invokers.TestInvoker.invokeMethod(TestInvoker.java:664)
	at org.testng.internal.invokers.TestInvoker.invokeTestMethod(TestInvoker.java:228)
	at org.testng.internal.invokers.MethodRunner.runInSequence(MethodRunner.java:63)
	at org.testng.internal.invokers.TestInvoker$MethodInvocationAgent.invoke(TestInvoker.java:961)
	at org.testng.internal.invokers.TestInvoker.invokeTestMethods(TestInvoker.java:201)
	at org.testng.internal.invokers.TestMethodWorker.invokeTestMethods(TestMethodWorker.java:148)
	at org.testng.internal.invokers.TestMethodWorker.run(TestMethodWorker.java:128)
	at java.base/java.util.ArrayList.forEach(ArrayList.java:1597)
	at org.testng.TestRunner.privateRun(TestRunner.java:819)
	at org.testng.TestRunner.run(TestRunner.java:619)
	at org.testng.SuiteRunner.runTest(SuiteRunner.java:443)
	at org.testng.SuiteRunner$SuiteWorker.run(SuiteRunner.java:481)
	at org.testng.internal.thread.ThreadUtil.lambda$execute$0(ThreadUtil.java:58)
	at java.base/java.util.concurrent.FutureTask.run(FutureTask.java:317)
	at java.base/java.util.concurrent.ThreadPoolExecutor.runWorker(ThreadPoolExecutor.java:1144)
	at java.base/java.util.concurrent.ThreadPoolExecutor$Worker.run(ThreadPoolExecutor.java:642)
	at java.base/java.lang.Thread.run(Thread.java:1570)
</div>
</div>
<p class="totop"><a href="#summary">back to summary</a></p>
<h2 id="m6">LanguageChange:testLanguageSwitching</h2>
<p class="totop"><a href="#summary">back to summary</a></p>
<h2 id="m7">Watchlist:testArticleAddedToWatchlist</h2>
<p class="totop"><a href="#summary">back to summary</a></p>
<h2 id="m8">HomePageTesting:getFeaturedArticle</h2>
<p class="totop"><a href="#summary">back to summary</a></p>
<h2 id="m9">HomePageTesting:getImageOfTheDay</h2>
<p class="totop"><a href="#summary">back to summary</a></p>
<h2 id="m10">HomePageTesting:getInTheNewsArticles</h2>
<p class="totop"><a href="#summary">back to summary</a></p>
<h2 id="m11">Watchlist:logout</h2>
<p class="totop"><a href="#summary">back to summary</a></p>
<h2 id="m12">HomePageTesting:getOnThisDayArticles</h2>
<p class="totop"><a href="#summary">back to summary</a></p>
<h2 id="m13">SearchTesting:getNoResult</h2>
<p class="totop"><a href="#summary">back to summary</a></p>
<h2 id="m14">Page_Creation:pageTools</h2>
<p class="totop"><a href="#summary">back to summary</a></p>
<h2 id="m15">PageEditing:viewChanges</h2>
<p class="totop"><a href="#summary">back to summary</a></p>
<h2 id="m16">Page_Creation:MakePage</h2>
<p class="totop"><a href="#summary">back to summary</a></p>
<h2 id="m17">SearchTesting:checkSearchTab</h2>
<p class="totop"><a href="#summary">back to summary</a></p>
<h2 id="m18">Login:testSuccessfulLogin</h2>
<p class="totop"><a href="#summary">back to summary</a></p>
<h2 id="m19">HomePageTesting:getDidYouKnowArticles</h2>
<p class="totop"><a href="#summary">back to summary</a></p>
<h2 id="m20">HomePageTesting:getFeaturedList</h2>
<p class="totop"><a href="#summary">back to summary</a></p>
<h2 id="m21">PageEditing:editTools</h2>
<p class="totop"><a href="#summary">back to summary</a></p>
<h2 id="m22">SearchTesting:advancedSearch</h2>
<p class="totop"><a href="#summary">back to summary</a></p>
</body></html>
